2020-05-14 14:20:03,750 Starting new HTTPS connection (1): api.tdameritrade.com:443
2020-05-14 14:20:04,089 https://api.tdameritrade.com:443 "GET /v1/accounts/686032712/transactions?type=TRADE&startDate=2020-05-09&endDate=2020-05-14 HTTP/1.1" 200 None
2020-05-14 14:20:04,135 [ {
  "type" : "TRADE",
  "subAccount" : "2",
  "settlementDate" : "2020-05-14",
  "orderId" : "T2811873691",
  "netAmount" : 446.67,
  "transactionDate" : "2020-05-13T19:13:56+0000",
  "orderDate" : "2020-05-13T19:13:56+0000",
  "transactionSubType" : "SL",
  "transactionId" : 26355767176,
  "cashBalanceEffectFlag" : true,
  "description" : "SELL TRADE",
  "fees" : {
    "rFee" : 0.0,
    "additionalFee" : 0.0,
    "cdscFee" : 0.0,
    "regFee" : 0.03,
    "otherCharges" : 0.0,
    "commission" : 1.3,
    "optRegFee" : 0.03,
    "secFee" : 0.0
  },
  "transactionItem" : {
    "accountId" : 686032712,
    "amount" : 2.0,
    "price" : 2.24,
    "cost" : 448.0,
    "instruction" : "SELL",
    "positionEffect" : "OPENING",
    "instrument" : {
      "symbol" : "XSP_060520P250",
      "underlyingSymbol" : "XSP",
      "optionExpirationDate" : "2020-06-05T05:00:00+0000",
      "putCall" : "PUT",
      "cusip" : "0XSP..R500250000",
      "description" : "XSP Jun 5 2020 250.0 Put",
      "assetType" : "OPTION"
    }
  }
}, {
  "type" : "TRADE",
  "subAccount" : "2",
  "settlementDate" : "2020-05-14",
  "orderId" : "T2811707086.1",
  "netAmount" : -881.33,
  "transactionDate" : "2020-05-13T19:00:14+0000",
  "orderDate" : "2020-05-13T18:53:29+0000",
  "transactionSubType" : "BY",
  "transactionId" : 26355579070,
  "cashBalanceEffectFlag" : true,
  "description" : "BUY TRADE",
  "fees" : {
    "rFee" : 0.0,
    "additionalFee" : 0.0,
    "cdscFee" : 0.0,
    "regFee" : 0.03,
    "otherCharges" : 0.0,
    "commission" : 1.3,
    "optRegFee" : 0.03,
    "secFee" : 0.0
  },
  "transactionItem" : {
    "accountId" : 686032712,
    "amount" : 2.0,
    "price" : 4.4,
    "cost" : -880.0,
    "instruction" : "BUY",
    "positionEffect" : "CLOSING",
    "instrument" : {
      "symbol" : "AAPL_051520P305",
      "underlyingSymbol" : "AAPL",
      "optionExpirationDate" : "2020-05-15T05:00:00+0000",
      "putCall" : "PUT",
      "cusip" : "0AAPL.QF00305000",
      "description" : "AAPL May 15 2020 305.0 Put",
      "assetType" : "OPTION"
    }
  }
}, {
  "type" : "TRADE",
  "subAccount" : "2",
  "settlementDate" : "2020-05-14",
  "orderId" : "T2811707086",
  "netAmount" : 1512.64,
  "transactionDate" : "2020-05-13T19:00:14+0000",
  "orderDate" : "2020-05-13T18:53:29+0000",
  "transactionSubType" : "SL",
  "transactionId" : 26355579114,
  "cashBalanceEffectFlag" : true,
  "description" : "SELL TRADE",
  "fees" : {
    "rFee" : 0.0,
    "additionalFee" : 0.0,
    "cdscFee" : 0.0,
    "regFee" : 0.06,
    "otherCharges" : 0.0,
    "commission" : 1.3,
    "optRegFee" : 0.03,
    "secFee" : 0.03
  },
  "transactionItem" : {
    "accountId" : 686032712,
    "amount" : 2.0,
    "price" : 7.57,
    "cost" : 1514.0,
    "instruction" : "SELL",
    "positionEffect" : "OPENING",
    "instrument" : {
      "symbol" : "AAPL_052220P305",
      "underlyingSymbol" : "AAPL",
      "optionExpirationDate" : "2020-05-22T05:00:00+0000",
      "putCall" : "PUT",
      "cusip" : "0AAPL.QM00305000",
      "description" : "AAPL May 22 2020 305.0 Put",
      "assetType" : "OPTION"
    }
  }
}, {
  "type" : "TRADE",
  "subAccount" : "2",
  "settlementDate" : "2020-05-14",
  "orderId" : "T2811415017",
  "netAmount" : 969.31,
  "transactionDate" : "2020-05-13T18:14:04+0000",
  "orderDate" : "2020-05-13T18:13:36+0000",
  "transactionSubType" : "SL",
  "transactionId" : 26354993797,
  "cashBalanceEffectFlag" : true,
  "description" : "SELL TRADE",
  "fees" : {
    "rFee" : 0.0,
    "additionalFee" : 0.0,
    "cdscFee" : 0.0,
    "regFee" : 0.09,
    "otherCharges" : 0.0,
    "commission" : 2.6,
    "optRegFee" : 0.07,
    "secFee" : 0.02
  },
  "transactionItem" : {
    "accountId" : 686032712,
    "amount" : 4.0,
    "price" : 2.43,
    "cost" : 972.0,
    "instruction" : "SELL",
    "positionEffect" : "OPENING",
    "instrument" : {
      "symbol" : "MSFT_052920P170",
      "underlyingSymbol" : "MSFT",
      "optionExpirationDate" : "2020-05-29T05:00:00+0000",
      "putCall" : "PUT",
      "cusip" : "0MSFT.QT00170000",
      "description" : "MSFT May 29 2020 170.0 Put",
      "assetType" : "OPTION"
    }
  }
}, {
  "type" : "TRADE",
  "subAccount" : "2",
  "settlementDate" : "2020-05-14",
  "orderId" : "T2811386192",
  "netAmount" : 972.65,
  "transactionDate" : "2020-05-13T18:10:28+0000",
  "orderDate" : "2020-05-13T18:10:28+0000",
  "transactionSubType" : "SL",
  "transactionId" : 26354944302,
  "cashBalanceEffectFlag" : true,
  "description" : "SELL TRADE",
  "fees" : {
    "rFee" : 0.0,
    "additionalFee" : 0.0,
    "cdscFee" : 0.0,
    "regFee" : 0.05,
    "otherCharges" : 0.0,
    "commission" : 1.3,
    "optRegFee" : 0.03,
    "secFee" : 0.02
  },
  "transactionItem" : {
    "accountId" : 686032712,
    "amount" : 2.0,
    "price" : 4.87,
    "cost" : 974.0,
    "instruction" : "SELL",
    "positionEffect" : "OPENING",
    "instrument" : {
      "symbol" : "MSFT_060520P175",
      "underlyingSymbol" : "MSFT",
      "optionExpirationDate" : "2020-06-05T05:00:00+0000",
      "putCall" : "PUT",
      "cusip" : "0MSFT.R500175000",
      "description" : "MSFT Jun 5 2020 175.0 Put",
      "assetType" : "OPTION"
    }
  }
}, {
  "type" : "TRADE",
  "subAccount" : "2",
  "settlementDate" : "2020-05-14",
  "orderId" : "T2811386192.1",
  "netAmount" : -981.33,
  "transactionDate" : "2020-05-13T18:10:28+0000",
  "orderDate" : "2020-05-13T18:10:28+0000",
  "transactionSubType" : "BY",
  "transactionId" : 26354944312,
  "cashBalanceEffectFlag" : true,
  "description" : "BUY TRADE",
  "fees" : {
    "rFee" : 0.0,
    "additionalFee" : 0.0,
    "cdscFee" : 0.0,
    "regFee" : 0.03,
    "otherCharges" : 0.0,
    "commission" : 1.3,
    "optRegFee" : 0.03,
    "secFee" : 0.0
  },
  "transactionItem" : {
    "accountId" : 686032712,
    "amount" : 2.0,
    "price" : 4.9,
    "cost" : -980.0,
    "instruction" : "BUY",
    "positionEffect" : "CLOSING",
    "instrument" : {
      "symbol" : "MSFT_052920P177.5",
      "underlyingSymbol" : "MSFT",
      "optionExpirationDate" : "2020-05-29T05:00:00+0000",
      "putCall" : "PUT",
      "cusip" : "0MSFT.QT00177500",
      "description" : "MSFT May 29 2020 177.5 Put",
      "assetType" : "OPTION"
    }
  }
}, {
  "type" : "TRADE",
  "subAccount" : "2",
  "settlementDate" : "2020-05-14",
  "orderId" : "T2811379623",
  "netAmount" : 3217.25,
  "transactionDate" : "2020-05-13T18:09:16+0000",
  "orderDate" : "2020-05-13T18:09:15+0000",
  "transactionSubType" : "SL",
  "transactionId" : 26354924909,
  "cashBalanceEffectFlag" : true,
  "description" : "SELL TRADE",
  "fees" : {
    "rFee" : 0.0,
    "additionalFee" : 0.0,
    "cdscFee" : 0.0,
    "regFee" : 0.15,
    "otherCharges" : 0.0,
    "commission" : 2.6,
    "optRegFee" : 0.07,
    "secFee" : 0.07
  },
  "transactionItem" : {
    "accountId" : 686032712,
    "amount" : 4.0,
    "price" : 8.05,
    "cost" : 3220.0,
    "instruction" : "SELL",
    "positionEffect" : "OPENING",
    "instrument" : {
      "symbol" : "MSFT_060520C175",
      "underlyingSymbol" : "MSFT",
      "optionExpirationDate" : "2020-06-05T05:00:00+0000",
      "putCall" : "CALL",
      "cusip" : "0MSFT.F500175000",
      "description" : "MSFT Jun 5 2020 175.0 Call",
      "assetType" : "OPTION"
    }
  }
}, {
  "type" : "TRADE",
  "subAccount" : "2",
  "settlementDate" : "2020-05-14",
  "orderId" : "T2811379623.1",
  "netAmount" : -4022.67,
  "transactionDate" : "2020-05-13T18:09:16+0000",
  "orderDate" : "2020-05-13T18:09:15+0000",
  "transactionSubType" : "BY",
  "transactionId" : 26354924938,
  "cashBalanceEffectFlag" : true,
  "description" : "BUY TRADE",
  "fees" : {
    "rFee" : 0.0,
    "additionalFee" : 0.0,
    "cdscFee" : 0.0,
    "regFee" : 0.07,
    "otherCharges" : 0.0,
    "commission" : 2.6,
    "optRegFee" : 0.07,
    "secFee" : 0.0
  },
  "transactionItem" : {
    "accountId" : 686032712,
    "amount" : 4.0,
    "price" : 10.05,
    "cost" : -4020.0,
    "instruction" : "BUY",
    "positionEffect" : "CLOSING",
    "instrument" : {
      "symbol" : "MSFT_052220C170",
      "underlyingSymbol" : "MSFT",
      "optionExpirationDate" : "2020-05-22T05:00:00+0000",
      "putCall" : "CALL",
      "cusip" : "0MSFT.EM00170000",
      "description" : "MSFT May 22 2020 170.0 Call",
      "assetType" : "OPTION"
    }
  }
}, {
  "type" : "TRADE",
  "subAccount" : "2",
  "settlementDate" : "2020-05-13",
  "orderId" : "T2805023414",
  "netAmount" : 324.66,
  "transactionDate" : "2020-05-12T17:15:47+0000",
  "orderDate" : "2020-05-12T17:15:47+0000",
  "transactionSubType" : "SL",
  "transactionId" : 26330853488,
  "cashBalanceEffectFlag" : true,
  "description" : "SELL TRADE",
  "fees" : {
    "rFee" : 0.0,
    "additionalFee" : 0.0,
    "cdscFee" : 0.0,
    "regFee" : 0.04,
    "otherCharges" : 0.0,
    "commission" : 1.3,
    "optRegFee" : 0.03,
    "secFee" : 0.01
  },
  "transactionItem" : {
    "accountId" : 686032712,
    "amount" : 2.0,
    "price" : 1.63,
    "cost" : 326.0,
    "instruction" : "SELL",
    "positionEffect" : "OPENING",
    "instrument" : {
      "symbol" : "MSFT_052920P177.5",
      "underlyingSymbol" : "MSFT",
      "optionExpirationDate" : "2020-05-29T05:00:00+0000",
      "putCall" : "PUT",
      "cusip" : "0MSFT.QT00177500",
      "description" : "MSFT May 29 2020 177.5 Put",
      "assetType" : "OPTION"
    }
  }
}, {
  "type" : "TRADE",
  "subAccount" : "2",
  "settlementDate" : "2020-05-13",
  "orderId" : "T2804737410",
  "netAmount" : 418.66,
  "transactionDate" : "2020-05-12T16:40:24+0000",
  "orderDate" : "2020-05-12T16:40:23+0000",
  "transactionSubType" : "SL",
  "transactionId" : 26330249695,
  "cashBalanceEffectFlag" : true,
  "description" : "SELL TRADE",
  "fees" : {
    "rFee" : 0.0,
    "additionalFee" : 0.0,
    "cdscFee" : 0.0,
    "regFee" : 0.04,
    "otherCharges" : 0.0,
    "commission" : 1.3,
    "optRegFee" : 0.03,
    "secFee" : 0.01
  },
  "transactionItem" : {
    "accountId" : 686032712,
    "amount" : 2.0,
    "price" : 2.1,
    "cost" : 420.0,
    "instruction" : "SELL",
    "positionEffect" : "OPENING",
    "instrument" : {
      "symbol" : "AAPL_052920P300",
      "underlyingSymbol" : "AAPL",
      "optionExpirationDate" : "2020-05-29T05:00:00+0000",
      "putCall" : "PUT",
      "cusip" : "0AAPL.QT00300000",
      "description" : "AAPL May 29 2020 300.0 Put",
      "assetType" : "OPTION"
    }
  }
}, {
  "type" : "TRADE",
  "subAccount" : "2",
  "settlementDate" : "2020-05-12",
  "netAmount" : -4400.0,
  "transactionDate" : "2020-05-11T05:00:01+0000",
  "transactionSubType" : "OA",
  "transactionId" : 26295889756,
  "cashBalanceEffectFlag" : true,
  "description" : "OPTION ASSIGNMENT",
  "fees" : {
    "rFee" : 0.0,
    "additionalFee" : 0.0,
    "cdscFee" : 0.0,
    "regFee" : 0.0,
    "otherCharges" : 0.0,
    "commission" : 0.0,
    "optRegFee" : 0.0,
    "secFee" : 0.0
  },
  "transactionItem" : {
    "accountId" : 686032712,
    "amount" : 200.0,
    "price" : 22.0,
    "cost" : -4400.0,
    "instruction" : "BUY",
    "instrument" : {
      "symbol" : "SPCE",
      "cusip" : "92766K106",
      "assetType" : "EQUITY"
    }
  }
} ]
2020-05-14 14:20:07,004 Starting new HTTPS connection (1): api.tdameritrade.com:443
2020-05-14 14:20:07,266 https://api.tdameritrade.com:443 "GET /v1/accounts/686032712/transactions?type=TRADE&startDate=2020-05-09&endDate=2020-05-14 HTTP/1.1" 200 None
2020-05-14 14:20:07,315 [ {
  "type" : "TRADE",
  "subAccount" : "2",
  "settlementDate" : "2020-05-14",
  "orderId" : "T2811873691",
  "netAmount" : 446.67,
  "transactionDate" : "2020-05-13T19:13:56+0000",
  "orderDate" : "2020-05-13T19:13:56+0000",
  "transactionSubType" : "SL",
  "transactionId" : 26355767176,
  "cashBalanceEffectFlag" : true,
  "description" : "SELL TRADE",
  "fees" : {
    "rFee" : 0.0,
    "additionalFee" : 0.0,
    "cdscFee" : 0.0,
    "regFee" : 0.03,
    "otherCharges" : 0.0,
    "commission" : 1.3,
    "optRegFee" : 0.03,
    "secFee" : 0.0
  },
  "transactionItem" : {
    "accountId" : 686032712,
    "amount" : 2.0,
    "price" : 2.24,
    "cost" : 448.0,
    "instruction" : "SELL",
    "positionEffect" : "OPENING",
    "instrument" : {
      "symbol" : "XSP_060520P250",
      "underlyingSymbol" : "XSP",
      "optionExpirationDate" : "2020-06-05T05:00:00+0000",
      "putCall" : "PUT",
      "cusip" : "0XSP..R500250000",
      "description" : "XSP Jun 5 2020 250.0 Put",
      "assetType" : "OPTION"
    }
  }
}, {
  "type" : "TRADE",
  "subAccount" : "2",
  "settlementDate" : "2020-05-14",
  "orderId" : "T2811707086.1",
  "netAmount" : -881.33,
  "transactionDate" : "2020-05-13T19:00:14+0000",
  "orderDate" : "2020-05-13T18:53:29+0000",
  "transactionSubType" : "BY",
  "transactionId" : 26355579070,
  "cashBalanceEffectFlag" : true,
  "description" : "BUY TRADE",
  "fees" : {
    "rFee" : 0.0,
    "additionalFee" : 0.0,
    "cdscFee" : 0.0,
    "regFee" : 0.03,
    "otherCharges" : 0.0,
    "commission" : 1.3,
    "optRegFee" : 0.03,
    "secFee" : 0.0
  },
  "transactionItem" : {
    "accountId" : 686032712,
    "amount" : 2.0,
    "price" : 4.4,
    "cost" : -880.0,
    "instruction" : "BUY",
    "positionEffect" : "CLOSING",
    "instrument" : {
      "symbol" : "AAPL_051520P305",
      "underlyingSymbol" : "AAPL",
      "optionExpirationDate" : "2020-05-15T05:00:00+0000",
      "putCall" : "PUT",
      "cusip" : "0AAPL.QF00305000",
      "description" : "AAPL May 15 2020 305.0 Put",
      "assetType" : "OPTION"
    }
  }
}, {
  "type" : "TRADE",
  "subAccount" : "2",
  "settlementDate" : "2020-05-14",
  "orderId" : "T2811707086",
  "netAmount" : 1512.64,
  "transactionDate" : "2020-05-13T19:00:14+0000",
  "orderDate" : "2020-05-13T18:53:29+0000",
  "transactionSubType" : "SL",
  "transactionId" : 26355579114,
  "cashBalanceEffectFlag" : true,
  "description" : "SELL TRADE",
  "fees" : {
    "rFee" : 0.0,
    "additionalFee" : 0.0,
    "cdscFee" : 0.0,
    "regFee" : 0.06,
    "otherCharges" : 0.0,
    "commission" : 1.3,
    "optRegFee" : 0.03,
    "secFee" : 0.03
  },
  "transactionItem" : {
    "accountId" : 686032712,
    "amount" : 2.0,
    "price" : 7.57,
    "cost" : 1514.0,
    "instruction" : "SELL",
    "positionEffect" : "OPENING",
    "instrument" : {
      "symbol" : "AAPL_052220P305",
      "underlyingSymbol" : "AAPL",
      "optionExpirationDate" : "2020-05-22T05:00:00+0000",
      "putCall" : "PUT",
      "cusip" : "0AAPL.QM00305000",
      "description" : "AAPL May 22 2020 305.0 Put",
      "assetType" : "OPTION"
    }
  }
}, {
  "type" : "TRADE",
  "subAccount" : "2",
  "settlementDate" : "2020-05-14",
  "orderId" : "T2811415017",
  "netAmount" : 969.31,
  "transactionDate" : "2020-05-13T18:14:04+0000",
  "orderDate" : "2020-05-13T18:13:36+0000",
  "transactionSubType" : "SL",
  "transactionId" : 26354993797,
  "cashBalanceEffectFlag" : true,
  "description" : "SELL TRADE",
  "fees" : {
    "rFee" : 0.0,
    "additionalFee" : 0.0,
    "cdscFee" : 0.0,
    "regFee" : 0.09,
    "otherCharges" : 0.0,
    "commission" : 2.6,
    "optRegFee" : 0.07,
    "secFee" : 0.02
  },
  "transactionItem" : {
    "accountId" : 686032712,
    "amount" : 4.0,
    "price" : 2.43,
    "cost" : 972.0,
    "instruction" : "SELL",
    "positionEffect" : "OPENING",
    "instrument" : {
      "symbol" : "MSFT_052920P170",
      "underlyingSymbol" : "MSFT",
      "optionExpirationDate" : "2020-05-29T05:00:00+0000",
      "putCall" : "PUT",
      "cusip" : "0MSFT.QT00170000",
      "description" : "MSFT May 29 2020 170.0 Put",
      "assetType" : "OPTION"
    }
  }
}, {
  "type" : "TRADE",
  "subAccount" : "2",
  "settlementDate" : "2020-05-14",
  "orderId" : "T2811386192",
  "netAmount" : 972.65,
  "transactionDate" : "2020-05-13T18:10:28+0000",
  "orderDate" : "2020-05-13T18:10:28+0000",
  "transactionSubType" : "SL",
  "transactionId" : 26354944302,
  "cashBalanceEffectFlag" : true,
  "description" : "SELL TRADE",
  "fees" : {
    "rFee" : 0.0,
    "additionalFee" : 0.0,
    "cdscFee" : 0.0,
    "regFee" : 0.05,
    "otherCharges" : 0.0,
    "commission" : 1.3,
    "optRegFee" : 0.03,
    "secFee" : 0.02
  },
  "transactionItem" : {
    "accountId" : 686032712,
    "amount" : 2.0,
    "price" : 4.87,
    "cost" : 974.0,
    "instruction" : "SELL",
    "positionEffect" : "OPENING",
    "instrument" : {
      "symbol" : "MSFT_060520P175",
      "underlyingSymbol" : "MSFT",
      "optionExpirationDate" : "2020-06-05T05:00:00+0000",
      "putCall" : "PUT",
      "cusip" : "0MSFT.R500175000",
      "description" : "MSFT Jun 5 2020 175.0 Put",
      "assetType" : "OPTION"
    }
  }
}, {
  "type" : "TRADE",
  "subAccount" : "2",
  "settlementDate" : "2020-05-14",
  "orderId" : "T2811386192.1",
  "netAmount" : -981.33,
  "transactionDate" : "2020-05-13T18:10:28+0000",
  "orderDate" : "2020-05-13T18:10:28+0000",
  "transactionSubType" : "BY",
  "transactionId" : 26354944312,
  "cashBalanceEffectFlag" : true,
  "description" : "BUY TRADE",
  "fees" : {
    "rFee" : 0.0,
    "additionalFee" : 0.0,
    "cdscFee" : 0.0,
    "regFee" : 0.03,
    "otherCharges" : 0.0,
    "commission" : 1.3,
    "optRegFee" : 0.03,
    "secFee" : 0.0
  },
  "transactionItem" : {
    "accountId" : 686032712,
    "amount" : 2.0,
    "price" : 4.9,
    "cost" : -980.0,
    "instruction" : "BUY",
    "positionEffect" : "CLOSING",
    "instrument" : {
      "symbol" : "MSFT_052920P177.5",
      "underlyingSymbol" : "MSFT",
      "optionExpirationDate" : "2020-05-29T05:00:00+0000",
      "putCall" : "PUT",
      "cusip" : "0MSFT.QT00177500",
      "description" : "MSFT May 29 2020 177.5 Put",
      "assetType" : "OPTION"
    }
  }
}, {
  "type" : "TRADE",
  "subAccount" : "2",
  "settlementDate" : "2020-05-14",
  "orderId" : "T2811379623",
  "netAmount" : 3217.25,
  "transactionDate" : "2020-05-13T18:09:16+0000",
  "orderDate" : "2020-05-13T18:09:15+0000",
  "transactionSubType" : "SL",
  "transactionId" : 26354924909,
  "cashBalanceEffectFlag" : true,
  "description" : "SELL TRADE",
  "fees" : {
    "rFee" : 0.0,
    "additionalFee" : 0.0,
    "cdscFee" : 0.0,
    "regFee" : 0.15,
    "otherCharges" : 0.0,
    "commission" : 2.6,
    "optRegFee" : 0.07,
    "secFee" : 0.07
  },
  "transactionItem" : {
    "accountId" : 686032712,
    "amount" : 4.0,
    "price" : 8.05,
    "cost" : 3220.0,
    "instruction" : "SELL",
    "positionEffect" : "OPENING",
    "instrument" : {
      "symbol" : "MSFT_060520C175",
      "underlyingSymbol" : "MSFT",
      "optionExpirationDate" : "2020-06-05T05:00:00+0000",
      "putCall" : "CALL",
      "cusip" : "0MSFT.F500175000",
      "description" : "MSFT Jun 5 2020 175.0 Call",
      "assetType" : "OPTION"
    }
  }
}, {
  "type" : "TRADE",
  "subAccount" : "2",
  "settlementDate" : "2020-05-14",
  "orderId" : "T2811379623.1",
  "netAmount" : -4022.67,
  "transactionDate" : "2020-05-13T18:09:16+0000",
  "orderDate" : "2020-05-13T18:09:15+0000",
  "transactionSubType" : "BY",
  "transactionId" : 26354924938,
  "cashBalanceEffectFlag" : true,
  "description" : "BUY TRADE",
  "fees" : {
    "rFee" : 0.0,
    "additionalFee" : 0.0,
    "cdscFee" : 0.0,
    "regFee" : 0.07,
    "otherCharges" : 0.0,
    "commission" : 2.6,
    "optRegFee" : 0.07,
    "secFee" : 0.0
  },
  "transactionItem" : {
    "accountId" : 686032712,
    "amount" : 4.0,
    "price" : 10.05,
    "cost" : -4020.0,
    "instruction" : "BUY",
    "positionEffect" : "CLOSING",
    "instrument" : {
      "symbol" : "MSFT_052220C170",
      "underlyingSymbol" : "MSFT",
      "optionExpirationDate" : "2020-05-22T05:00:00+0000",
      "putCall" : "CALL",
      "cusip" : "0MSFT.EM00170000",
      "description" : "MSFT May 22 2020 170.0 Call",
      "assetType" : "OPTION"
    }
  }
}, {
  "type" : "TRADE",
  "subAccount" : "2",
  "settlementDate" : "2020-05-13",
  "orderId" : "T2805023414",
  "netAmount" : 324.66,
  "transactionDate" : "2020-05-12T17:15:47+0000",
  "orderDate" : "2020-05-12T17:15:47+0000",
  "transactionSubType" : "SL",
  "transactionId" : 26330853488,
  "cashBalanceEffectFlag" : true,
  "description" : "SELL TRADE",
  "fees" : {
    "rFee" : 0.0,
    "additionalFee" : 0.0,
    "cdscFee" : 0.0,
    "regFee" : 0.04,
    "otherCharges" : 0.0,
    "commission" : 1.3,
    "optRegFee" : 0.03,
    "secFee" : 0.01
  },
  "transactionItem" : {
    "accountId" : 686032712,
    "amount" : 2.0,
    "price" : 1.63,
    "cost" : 326.0,
    "instruction" : "SELL",
    "positionEffect" : "OPENING",
    "instrument" : {
      "symbol" : "MSFT_052920P177.5",
      "underlyingSymbol" : "MSFT",
      "optionExpirationDate" : "2020-05-29T05:00:00+0000",
      "putCall" : "PUT",
      "cusip" : "0MSFT.QT00177500",
      "description" : "MSFT May 29 2020 177.5 Put",
      "assetType" : "OPTION"
    }
  }
}, {
  "type" : "TRADE",
  "subAccount" : "2",
  "settlementDate" : "2020-05-13",
  "orderId" : "T2804737410",
  "netAmount" : 418.66,
  "transactionDate" : "2020-05-12T16:40:24+0000",
  "orderDate" : "2020-05-12T16:40:23+0000",
  "transactionSubType" : "SL",
  "transactionId" : 26330249695,
  "cashBalanceEffectFlag" : true,
  "description" : "SELL TRADE",
  "fees" : {
    "rFee" : 0.0,
    "additionalFee" : 0.0,
    "cdscFee" : 0.0,
    "regFee" : 0.04,
    "otherCharges" : 0.0,
    "commission" : 1.3,
    "optRegFee" : 0.03,
    "secFee" : 0.01
  },
  "transactionItem" : {
    "accountId" : 686032712,
    "amount" : 2.0,
    "price" : 2.1,
    "cost" : 420.0,
    "instruction" : "SELL",
    "positionEffect" : "OPENING",
    "instrument" : {
      "symbol" : "AAPL_052920P300",
      "underlyingSymbol" : "AAPL",
      "optionExpirationDate" : "2020-05-29T05:00:00+0000",
      "putCall" : "PUT",
      "cusip" : "0AAPL.QT00300000",
      "description" : "AAPL May 29 2020 300.0 Put",
      "assetType" : "OPTION"
    }
  }
}, {
  "type" : "TRADE",
  "subAccount" : "2",
  "settlementDate" : "2020-05-12",
  "netAmount" : -4400.0,
  "transactionDate" : "2020-05-11T05:00:01+0000",
  "transactionSubType" : "OA",
  "transactionId" : 26295889756,
  "cashBalanceEffectFlag" : true,
  "description" : "OPTION ASSIGNMENT",
  "fees" : {
    "rFee" : 0.0,
    "additionalFee" : 0.0,
    "cdscFee" : 0.0,
    "regFee" : 0.0,
    "otherCharges" : 0.0,
    "commission" : 0.0,
    "optRegFee" : 0.0,
    "secFee" : 0.0
  },
  "transactionItem" : {
    "accountId" : 686032712,
    "amount" : 200.0,
    "price" : 22.0,
    "cost" : -4400.0,
    "instruction" : "BUY",
    "instrument" : {
      "symbol" : "SPCE",
      "cusip" : "92766K106",
      "assetType" : "EQUITY"
    }
  }
} ]
2020-05-14 18:05:14,287  Getting positions
2020-05-14 18:05:14,320 Starting new HTTPS connection (1): api.tdameritrade.com:443
2020-05-14 18:05:14,602 https://api.tdameritrade.com:443 "GET /v1/accounts/686032712?apikey=GQTHCKNPSPG5KKTTNNKFA1KVTRGMEMMF&fields=positions HTTP/1.1" 200 None
2020-05-14 18:05:14,651 {
  "securitiesAccount" : {
    "type" : "MARGIN",
    "accountId" : "686032712",
    "roundTrips" : 0,
    "isDayTrader" : false,
    "isClosingOnlyRestricted" : false,
    "positions" : [ {
      "shortQuantity" : 200.0,
      "averagePrice" : 289.427,
      "currentDayProfitLoss" : -500.0,
      "currentDayProfitLossPercentage" : -0.81,
      "longQuantity" : 0.0,
      "settledLongQuantity" : 0.0,
      "settledShortQuantity" : -200.0,
      "instrument" : {
        "assetType" : "EQUITY",
        "cusip" : "037833100",
        "symbol" : "AAPL"
      },
      "marketValue" : -62029.99999999999,
      "maintenanceRequirement" : 18609.0
    }, {
      "shortQuantity" : 2.0,
      "averagePrice" : 7.563,
      "currentDayProfitLoss" : 390.0,
      "currentDayProfitLossPercentage" : 32.23,
      "longQuantity" : 0.0,
      "settledLongQuantity" : 0.0,
      "settledShortQuantity" : -2.0,
      "instrument" : {
        "assetType" : "OPTION",
        "cusip" : "0AAPL.QM00305000",
        "symbol" : "AAPL_052220P305",
        "description" : "AAPL May 22 2020 305.0 Put",
        "putCall" : "PUT",
        "underlyingSymbol" : "AAPL"
      },
      "marketValue" : -820.0,
      "maintenanceRequirement" : 0.0
    }, {
      "shortQuantity" : 2.0,
      "averagePrice" : 2.093,
      "currentDayProfitLoss" : 290.0,
      "currentDayProfitLossPercentage" : 24.89,
      "longQuantity" : 0.0,
      "settledLongQuantity" : 0.0,
      "settledShortQuantity" : -2.0,
      "instrument" : {
        "assetType" : "OPTION",
        "cusip" : "0AAPL.QT00300000",
        "symbol" : "AAPL_052920P300",
        "description" : "AAPL May 29 2020 300.0 Put",
        "putCall" : "PUT",
        "underlyingSymbol" : "AAPL"
      },
      "marketValue" : -875.0,
      "maintenanceRequirement" : 11251.0
    }, {
      "shortQuantity" : 4.0,
      "averagePrice" : 3.343,
      "currentDayProfitLoss" : 122.0,
      "currentDayProfitLossPercentage" : 30.81,
      "longQuantity" : 0.0,
      "settledLongQuantity" : 0.0,
      "settledShortQuantity" : -4.0,
      "instrument" : {
        "assetType" : "OPTION",
        "cusip" : "0MSFT.QM00167500",
        "symbol" : "MSFT_052220P167.5",
        "description" : "MSFT May 22 2020 167.5 Put",
        "putCall" : "PUT",
        "underlyingSymbol" : "MSFT"
      },
      "marketValue" : -274.0,
      "maintenanceRequirement" : 9370.0
    }, {
      "shortQuantity" : 4.0,
      "averagePrice" : 2.423,
      "currentDayProfitLoss" : 148.0,
      "currentDayProfitLossPercentage" : 17.17,
      "longQuantity" : 0.0,
      "settledLongQuantity" : 0.0,
      "settledShortQuantity" : -4.0,
      "instrument" : {
        "assetType" : "OPTION",
        "cusip" : "0MSFT.QT00170000",
        "symbol" : "MSFT_052920P170",
        "description" : "MSFT May 29 2020 170.0 Put",
        "putCall" : "PUT",
        "underlyingSymbol" : "MSFT"
      },
      "marketValue" : -714.0,
      "maintenanceRequirement" : 5762.0
    }, {
      "shortQuantity" : 4.0,
      "averagePrice" : 8.043,
      "currentDayProfitLoss" : -50.0,
      "currentDayProfitLossPercentage" : -1.42,
      "longQuantity" : 0.0,
      "settledLongQuantity" : 0.0,
      "settledShortQuantity" : -4.0,
      "instrument" : {
        "assetType" : "OPTION",
        "cusip" : "0MSFT.F500175000",
        "symbol" : "MSFT_060520C175",
        "description" : "MSFT Jun 5 2020 175.0 Call",
        "putCall" : "CALL",
        "underlyingSymbol" : "MSFT"
      },
      "marketValue" : -3560.0,
      "maintenanceRequirement" : 18036.0
    }, {
      "shortQuantity" : 2.0,
      "averagePrice" : 4.863,
      "currentDayProfitLoss" : 120.0,
      "currentDayProfitLossPercentage" : 13.04,
      "longQuantity" : 0.0,
      "settledLongQuantity" : 0.0,
      "settledShortQuantity" : -2.0,
      "instrument" : {
        "assetType" : "OPTION",
        "cusip" : "0MSFT.R500175000",
        "symbol" : "MSFT_060520P175",
        "description" : "MSFT Jun 5 2020 175.0 Put",
        "putCall" : "PUT",
        "underlyingSymbol" : "MSFT"
      },
      "marketValue" : -800.0,
      "maintenanceRequirement" : 800.0
    }, {
      "shortQuantity" : 2.0,
      "averagePrice" : 40.952,
      "currentDayProfitLoss" : 190.0,
      "currentDayProfitLossPercentage" : 34.36,
      "longQuantity" : 0.0,
      "settledLongQuantity" : 0.0,
      "settledShortQuantity" : -2.0,
      "instrument" : {
        "assetType" : "OPTION",
        "cusip" : "0TSLA.QT00540000",
        "symbol" : "TSLA_052920P540",
        "description" : "TSLA May 29 2020 540.0 Put",
        "putCall" : "PUT",
        "underlyingSymbol" : "TSLA"
      },
      "marketValue" : -363.0,
      "maintenanceRequirement" : 11163.0
    }, {
      "shortQuantity" : 2.0,
      "averagePrice" : 1.423,
      "currentDayProfitLoss" : 0.0,
      "currentDayProfitLossPercentage" : 0.0,
      "longQuantity" : 0.0,
      "settledLongQuantity" : 0.0,
      "settledShortQuantity" : -2.0,
      "instrument" : {
        "assetType" : "OPTION",
        "cusip" : "0XSP..QF00225000",
        "symbol" : "XSP_051520P225",
        "description" : "$XSP.X May 15 2020 225.0 Put",
        "putCall" : "PUT",
        "underlyingSymbol" : "$XSP.X"
      },
      "marketValue" : -5.0,
      "maintenanceRequirement" : 4505.0
    }, {
      "shortQuantity" : 2.0,
      "averagePrice" : 2.233,
      "currentDayProfitLoss" : 123.0,
      "currentDayProfitLossPercentage" : 32.03,
      "longQuantity" : 0.0,
      "settledLongQuantity" : 0.0,
      "settledShortQuantity" : -2.0,
      "instrument" : {
        "assetType" : "OPTION",
        "cusip" : "0XSP..R500250000",
        "symbol" : "XSP_060520P250",
        "description" : "$XSP.X Jun 5 2020 250.0 Put",
        "putCall" : "PUT",
        "underlyingSymbol" : "$XSP.X"
      },
      "marketValue" : -261.0,
      "maintenanceRequirement" : 5261.0
    }, {
      "shortQuantity" : 0.0,
      "averagePrice" : 1.0,
      "currentDayProfitLoss" : 0.0,
      "currentDayProfitLossPercentage" : 0.0,
      "longQuantity" : 317636.34,
      "settledLongQuantity" : 317636.34,
      "settledShortQuantity" : 0.0,
      "instrument" : {
        "assetType" : "CASH_EQUIVALENT",
        "cusip" : "9ZZZFD104",
        "symbol" : "MMDA1",
        "description" : "FDIC INSURED DEPOSIT ACCOUNT  CORE  NOT COVERED BY SIPC",
        "type" : "MONEY_MARKET_FUND"
      },
      "marketValue" : 635272.68,
      "maintenanceRequirement" : 0.0
    }, {
      "shortQuantity" : 0.0,
      "averagePrice" : 104.977,
      "currentDayProfitLoss" : 684.0,
      "currentDayProfitLossPercentage" : 1.64,
      "longQuantity" : 400.0,
      "settledLongQuantity" : 400.0,
      "settledShortQuantity" : 0.0,
      "instrument" : {
        "assetType" : "EQUITY",
        "cusip" : "149123101",
        "symbol" : "CAT"
      },
      "marketValue" : 42476.0,
      "maintenanceRequirement" : 12742.8
    }, {
      "shortQuantity" : 4.0,
      "averagePrice" : 4.213,
      "currentDayProfitLoss" : -26.0,
      "currentDayProfitLossPercentage" : -118.18,
      "longQuantity" : 0.0,
      "settledLongQuantity" : 0.0,
      "settledShortQuantity" : -4.0,
      "instrument" : {
        "assetType" : "OPTION",
        "cusip" : "0CAT..EM00120000",
        "symbol" : "CAT_052220C120",
        "description" : "CAT May 22 2020 120.0 Call",
        "putCall" : "CALL",
        "underlyingSymbol" : "CAT"
      },
      "marketValue" : -48.0,
      "maintenanceRequirement" : 0.0
    }, {
      "shortQuantity" : 0.0,
      "averagePrice" : 42.707,
      "currentDayProfitLoss" : -116.0,
      "currentDayProfitLossPercentage" : -1.02,
      "longQuantity" : 400.0,
      "settledLongQuantity" : 400.0,
      "settledShortQuantity" : 0.0,
      "instrument" : {
        "assetType" : "EQUITY",
        "cusip" : "55087P104",
        "symbol" : "LYFT"
      },
      "marketValue" : 11232.0,
      "maintenanceRequirement" : 3369.6
    }, {
      "shortQuantity" : 4.0,
      "averagePrice" : 1.983,
      "currentDayProfitLoss" : 74.0,
      "currentDayProfitLossPercentage" : 10.63,
      "longQuantity" : 0.0,
      "settledLongQuantity" : 0.0,
      "settledShortQuantity" : -4.0,
      "instrument" : {
        "assetType" : "OPTION",
        "cusip" : "0LYFT.F500029000",
        "symbol" : "LYFT_060520C29",
        "description" : "LYFT Jun 5 2020 29.0 Call",
        "putCall" : "CALL",
        "underlyingSymbol" : "LYFT"
      },
      "marketValue" : -622.0,
      "maintenanceRequirement" : 0.0
    }, {
      "shortQuantity" : 5.0,
      "averagePrice" : 1.443,
      "currentDayProfitLoss" : 432.5,
      "currentDayProfitLossPercentage" : 87.82,
      "longQuantity" : 0.0,
      "settledLongQuantity" : 0.0,
      "settledShortQuantity" : -5.0,
      "instrument" : {
        "assetType" : "OPTION",
        "cusip" : "0AMD..QF00052000",
        "symbol" : "AMD_051520P52",
        "description" : "AMD May 15 2020 52.0 Put",
        "putCall" : "PUT",
        "underlyingSymbol" : "AMD"
      },
      "marketValue" : -60.0,
      "maintenanceRequirement" : 60.0
    }, {
      "shortQuantity" : 5.0,
      "averagePrice" : 4.803,
      "currentDayProfitLoss" : -737.5,
      "currentDayProfitLossPercentage" : -55.14,
      "longQuantity" : 0.0,
      "settledLongQuantity" : 0.0,
      "settledShortQuantity" : -5.0,
      "instrument" : {
        "assetType" : "OPTION",
        "cusip" : "0AMD..EM00051000",
        "symbol" : "AMD_052220C51",
        "description" : "AMD May 22 2020 51.0 Call",
        "putCall" : "CALL",
        "underlyingSymbol" : "AMD"
      },
      "marketValue" : -2075.0,
      "maintenanceRequirement" : 7564.0
    }, {
      "shortQuantity" : 0.0,
      "averagePrice" : 15.757,
      "currentDayProfitLoss" : -108.0,
      "currentDayProfitLossPercentage" : -3.26,
      "longQuantity" : 200.0,
      "settledLongQuantity" : 200.0,
      "settledShortQuantity" : 0.0,
      "instrument" : {
        "assetType" : "EQUITY",
        "cusip" : "92766K106",
        "symbol" : "SPCE"
      },
      "marketValue" : 3200.0,
      "maintenanceRequirement" : 1280.0
    } ],
    "initialBalances" : {
      "accruedInterest" : 1.13,
      "availableFundsNonMarginableTrade" : 303167.26,
      "bondValue" : 0.0,
      "buyingPower" : 0.0,
      "cashBalance" : 39881.85,
      "cashAvailableForTrading" : 0.0,
      "cashReceipts" : 0.0,
      "dayTradingBuyingPower" : 0.0,
      "dayTradingBuyingPowerCall" : 0.0,
      "dayTradingEquityCall" : 0.0,
      "equity" : 413967.32,
      "equityPercentage" : 82.0,
      "liquidationValue" : 402445.2,
      "longMarginValue" : 56448.0,
      "longOptionMarketValue" : 0.0,
      "longStockValue" : 56448.0,
      "maintenanceCall" : 0.0,
      "maintenanceRequirement" : 110800.06,
      "margin" : 39881.85,
      "marginEquity" : 34799.85,
      "moneyMarketFund" : 317637.47,
      "mutualFundValue" : 0.0,
      "regTCall" : 0.0,
      "shortMarginValue" : -61530.0,
      "shortOptionMarketValue" : -11553.0,
      "shortStockValue" : -61530.0,
      "totalCash" : 357519.32,
      "isInCall" : false,
      "pendingDeposits" : 0.0,
      "marginBalance" : 0.0,
      "shortBalance" : 61530.0,
      "accountValue" : 402446.33
    },
    "currentBalances" : {
      "accruedInterest" : 1.13,
      "cashBalance" : 39881.85,
      "cashReceipts" : 0.0,
      "longOptionMarketValue" : 0.0,
      "liquidationValue" : 403285.19,
      "longMarketValue" : 56908.0,
      "moneyMarketFund" : 317636.34,
      "savings" : 0.0,
      "shortMarketValue" : -62030.0,
      "pendingDeposits" : 0.0,
      "availableFunds" : 303988.79,
      "availableFundsNonMarginableTrade" : 303988.79,
      "buyingPower" : 748311.0,
      "buyingPowerNonMarginableTrade" : 303988.79,
      "dayTradingBuyingPower" : 0.0,
      "equity" : 413762.19,
      "equityPercentage" : 100.0,
      "longMarginValue" : 56908.0,
      "maintenanceCall" : 0.0,
      "maintenanceRequirement" : 109773.4,
      "marginBalance" : 0.0,
      "regTCall" : 0.0,
      "shortBalance" : 61366.0,
      "shortMarginValue" : 62030.0,
      "shortOptionMarketValue" : -10477.0,
      "sma" : 691792.97,
      "mutualFundValue" : 0.0,
      "bondValue" : 0.0
    },
    "projectedBalances" : {
      "availableFunds" : 303988.79,
      "availableFundsNonMarginableTrade" : 303988.79,
      "buyingPower" : 748311.0,
      "dayTradingBuyingPower" : 0.0,
      "dayTradingBuyingPowerCall" : 0.0,
      "maintenanceCall" : 0.0,
      "regTCall" : 0.0,
      "isInCall" : false,
      "stockBuyingPower" : 748311.0
    }
  }
}
2020-05-14 18:05:14,661 Starting new HTTPS connection (1): api.tdameritrade.com:443
2020-05-14 18:05:14,931 https://api.tdameritrade.com:443 "GET /v1/marketdata/quotes?apikey=GQTHCKNPSPG5KKTTNNKFA1KVTRGMEMMF&symbol=AAPL HTTP/1.1" 200 None
2020-05-14 18:05:14,934 {"AAPL":{"assetType":"EQUITY","assetMainType":"EQUITY","cusip":"037833100","symbol":"AAPL","description":"Apple Inc. - Common Stock","bidPrice":310.15,"bidSize":2300,"bidId":"K","askPrice":310.29,"askSize":500,"askId":"K","lastPrice":310.25,"lastSize":0,"lastId":"Q","openPrice":304.51,"highPrice":309.79,"lowPrice":301.53,"bidTick":" ","closePrice":307.65,"netChange":2.6,"totalVolume":39732269,"quoteTimeInLong":1589500790585,"tradeTimeInLong":1589500790834,"mark":310.15,"exchange":"q","exchangeName":"NASD","marginable":true,"shortable":true,"volatility":0.0198,"digits":4,"52WkHigh":327.85,"52WkLow":170.27,"nAV":0.0,"peRatio":24.4128,"divAmount":3.28,"divYield":1.07,"divDate":"2020-05-08 00:00:00.000","securityStatus":"Normal","regularMarketLastPrice":309.54,"regularMarketLastSize":20351,"regularMarketNetChange":1.89,"regularMarketTradeTimeInLong":1589486400384,"netPercentChangeInDouble":0.8451,"markChangeInDouble":2.5,"markPercentChangeInDouble":0.8126,"regularMarketPercentChangeInDouble":0.6143,"delayed":false}}
2020-05-14 18:07:07,225  Getting positions
2020-05-14 18:07:07,240 Starting new HTTPS connection (1): api.tdameritrade.com:443
2020-05-14 18:07:07,525 https://api.tdameritrade.com:443 "GET /v1/accounts/686032712?apikey=GQTHCKNPSPG5KKTTNNKFA1KVTRGMEMMF&fields=positions HTTP/1.1" 200 None
2020-05-14 18:07:07,576 {
  "securitiesAccount" : {
    "type" : "MARGIN",
    "accountId" : "686032712",
    "roundTrips" : 0,
    "isDayTrader" : false,
    "isClosingOnlyRestricted" : false,
    "positions" : [ {
      "shortQuantity" : 200.0,
      "averagePrice" : 289.427,
      "currentDayProfitLoss" : -500.0,
      "currentDayProfitLossPercentage" : -0.81,
      "longQuantity" : 0.0,
      "settledLongQuantity" : 0.0,
      "settledShortQuantity" : -200.0,
      "instrument" : {
        "assetType" : "EQUITY",
        "cusip" : "037833100",
        "symbol" : "AAPL"
      },
      "marketValue" : -62029.99999999999,
      "maintenanceRequirement" : 18609.0
    }, {
      "shortQuantity" : 2.0,
      "averagePrice" : 7.563,
      "currentDayProfitLoss" : 390.0,
      "currentDayProfitLossPercentage" : 32.23,
      "longQuantity" : 0.0,
      "settledLongQuantity" : 0.0,
      "settledShortQuantity" : -2.0,
      "instrument" : {
        "assetType" : "OPTION",
        "cusip" : "0AAPL.QM00305000",
        "symbol" : "AAPL_052220P305",
        "description" : "AAPL May 22 2020 305.0 Put",
        "putCall" : "PUT",
        "underlyingSymbol" : "AAPL"
      },
      "marketValue" : -820.0,
      "maintenanceRequirement" : 0.0
    }, {
      "shortQuantity" : 2.0,
      "averagePrice" : 2.093,
      "currentDayProfitLoss" : 290.0,
      "currentDayProfitLossPercentage" : 24.89,
      "longQuantity" : 0.0,
      "settledLongQuantity" : 0.0,
      "settledShortQuantity" : -2.0,
      "instrument" : {
        "assetType" : "OPTION",
        "cusip" : "0AAPL.QT00300000",
        "symbol" : "AAPL_052920P300",
        "description" : "AAPL May 29 2020 300.0 Put",
        "putCall" : "PUT",
        "underlyingSymbol" : "AAPL"
      },
      "marketValue" : -875.0,
      "maintenanceRequirement" : 11251.0
    }, {
      "shortQuantity" : 4.0,
      "averagePrice" : 3.343,
      "currentDayProfitLoss" : 122.0,
      "currentDayProfitLossPercentage" : 30.81,
      "longQuantity" : 0.0,
      "settledLongQuantity" : 0.0,
      "settledShortQuantity" : -4.0,
      "instrument" : {
        "assetType" : "OPTION",
        "cusip" : "0MSFT.QM00167500",
        "symbol" : "MSFT_052220P167.5",
        "description" : "MSFT May 22 2020 167.5 Put",
        "putCall" : "PUT",
        "underlyingSymbol" : "MSFT"
      },
      "marketValue" : -274.0,
      "maintenanceRequirement" : 9370.0
    }, {
      "shortQuantity" : 4.0,
      "averagePrice" : 2.423,
      "currentDayProfitLoss" : 148.0,
      "currentDayProfitLossPercentage" : 17.17,
      "longQuantity" : 0.0,
      "settledLongQuantity" : 0.0,
      "settledShortQuantity" : -4.0,
      "instrument" : {
        "assetType" : "OPTION",
        "cusip" : "0MSFT.QT00170000",
        "symbol" : "MSFT_052920P170",
        "description" : "MSFT May 29 2020 170.0 Put",
        "putCall" : "PUT",
        "underlyingSymbol" : "MSFT"
      },
      "marketValue" : -714.0,
      "maintenanceRequirement" : 5762.0
    }, {
      "shortQuantity" : 4.0,
      "averagePrice" : 8.043,
      "currentDayProfitLoss" : -50.0,
      "currentDayProfitLossPercentage" : -1.42,
      "longQuantity" : 0.0,
      "settledLongQuantity" : 0.0,
      "settledShortQuantity" : -4.0,
      "instrument" : {
        "assetType" : "OPTION",
        "cusip" : "0MSFT.F500175000",
        "symbol" : "MSFT_060520C175",
        "description" : "MSFT Jun 5 2020 175.0 Call",
        "putCall" : "CALL",
        "underlyingSymbol" : "MSFT"
      },
      "marketValue" : -3560.0,
      "maintenanceRequirement" : 18036.0
    }, {
      "shortQuantity" : 2.0,
      "averagePrice" : 4.863,
      "currentDayProfitLoss" : 120.0,
      "currentDayProfitLossPercentage" : 13.04,
      "longQuantity" : 0.0,
      "settledLongQuantity" : 0.0,
      "settledShortQuantity" : -2.0,
      "instrument" : {
        "assetType" : "OPTION",
        "cusip" : "0MSFT.R500175000",
        "symbol" : "MSFT_060520P175",
        "description" : "MSFT Jun 5 2020 175.0 Put",
        "putCall" : "PUT",
        "underlyingSymbol" : "MSFT"
      },
      "marketValue" : -800.0,
      "maintenanceRequirement" : 800.0
    }, {
      "shortQuantity" : 2.0,
      "averagePrice" : 40.952,
      "currentDayProfitLoss" : 190.0,
      "currentDayProfitLossPercentage" : 34.36,
      "longQuantity" : 0.0,
      "settledLongQuantity" : 0.0,
      "settledShortQuantity" : -2.0,
      "instrument" : {
        "assetType" : "OPTION",
        "cusip" : "0TSLA.QT00540000",
        "symbol" : "TSLA_052920P540",
        "description" : "TSLA May 29 2020 540.0 Put",
        "putCall" : "PUT",
        "underlyingSymbol" : "TSLA"
      },
      "marketValue" : -363.0,
      "maintenanceRequirement" : 11163.0
    }, {
      "shortQuantity" : 2.0,
      "averagePrice" : 1.423,
      "currentDayProfitLoss" : 0.0,
      "currentDayProfitLossPercentage" : 0.0,
      "longQuantity" : 0.0,
      "settledLongQuantity" : 0.0,
      "settledShortQuantity" : -2.0,
      "instrument" : {
        "assetType" : "OPTION",
        "cusip" : "0XSP..QF00225000",
        "symbol" : "XSP_051520P225",
        "description" : "$XSP.X May 15 2020 225.0 Put",
        "putCall" : "PUT",
        "underlyingSymbol" : "$XSP.X"
      },
      "marketValue" : -5.0,
      "maintenanceRequirement" : 4505.0
    }, {
      "shortQuantity" : 2.0,
      "averagePrice" : 2.233,
      "currentDayProfitLoss" : 123.0,
      "currentDayProfitLossPercentage" : 32.03,
      "longQuantity" : 0.0,
      "settledLongQuantity" : 0.0,
      "settledShortQuantity" : -2.0,
      "instrument" : {
        "assetType" : "OPTION",
        "cusip" : "0XSP..R500250000",
        "symbol" : "XSP_060520P250",
        "description" : "$XSP.X Jun 5 2020 250.0 Put",
        "putCall" : "PUT",
        "underlyingSymbol" : "$XSP.X"
      },
      "marketValue" : -261.0,
      "maintenanceRequirement" : 5261.0
    }, {
      "shortQuantity" : 0.0,
      "averagePrice" : 1.0,
      "currentDayProfitLoss" : 0.0,
      "currentDayProfitLossPercentage" : 0.0,
      "longQuantity" : 317636.34,
      "settledLongQuantity" : 317636.34,
      "settledShortQuantity" : 0.0,
      "instrument" : {
        "assetType" : "CASH_EQUIVALENT",
        "cusip" : "9ZZZFD104",
        "symbol" : "MMDA1",
        "description" : "FDIC INSURED DEPOSIT ACCOUNT  CORE  NOT COVERED BY SIPC",
        "type" : "MONEY_MARKET_FUND"
      },
      "marketValue" : 635272.68,
      "maintenanceRequirement" : 0.0
    }, {
      "shortQuantity" : 0.0,
      "averagePrice" : 104.977,
      "currentDayProfitLoss" : 684.0,
      "currentDayProfitLossPercentage" : 1.64,
      "longQuantity" : 400.0,
      "settledLongQuantity" : 400.0,
      "settledShortQuantity" : 0.0,
      "instrument" : {
        "assetType" : "EQUITY",
        "cusip" : "149123101",
        "symbol" : "CAT"
      },
      "marketValue" : 42476.0,
      "maintenanceRequirement" : 12742.8
    }, {
      "shortQuantity" : 4.0,
      "averagePrice" : 4.213,
      "currentDayProfitLoss" : -26.0,
      "currentDayProfitLossPercentage" : -118.18,
      "longQuantity" : 0.0,
      "settledLongQuantity" : 0.0,
      "settledShortQuantity" : -4.0,
      "instrument" : {
        "assetType" : "OPTION",
        "cusip" : "0CAT..EM00120000",
        "symbol" : "CAT_052220C120",
        "description" : "CAT May 22 2020 120.0 Call",
        "putCall" : "CALL",
        "underlyingSymbol" : "CAT"
      },
      "marketValue" : -48.0,
      "maintenanceRequirement" : 0.0
    }, {
      "shortQuantity" : 0.0,
      "averagePrice" : 42.707,
      "currentDayProfitLoss" : -116.0,
      "currentDayProfitLossPercentage" : -1.02,
      "longQuantity" : 400.0,
      "settledLongQuantity" : 400.0,
      "settledShortQuantity" : 0.0,
      "instrument" : {
        "assetType" : "EQUITY",
        "cusip" : "55087P104",
        "symbol" : "LYFT"
      },
      "marketValue" : 11232.0,
      "maintenanceRequirement" : 3369.6
    }, {
      "shortQuantity" : 4.0,
      "averagePrice" : 1.983,
      "currentDayProfitLoss" : 74.0,
      "currentDayProfitLossPercentage" : 10.63,
      "longQuantity" : 0.0,
      "settledLongQuantity" : 0.0,
      "settledShortQuantity" : -4.0,
      "instrument" : {
        "assetType" : "OPTION",
        "cusip" : "0LYFT.F500029000",
        "symbol" : "LYFT_060520C29",
        "description" : "LYFT Jun 5 2020 29.0 Call",
        "putCall" : "CALL",
        "underlyingSymbol" : "LYFT"
      },
      "marketValue" : -622.0,
      "maintenanceRequirement" : 0.0
    }, {
      "shortQuantity" : 5.0,
      "averagePrice" : 1.443,
      "currentDayProfitLoss" : 432.5,
      "currentDayProfitLossPercentage" : 87.82,
      "longQuantity" : 0.0,
      "settledLongQuantity" : 0.0,
      "settledShortQuantity" : -5.0,
      "instrument" : {
        "assetType" : "OPTION",
        "cusip" : "0AMD..QF00052000",
        "symbol" : "AMD_051520P52",
        "description" : "AMD May 15 2020 52.0 Put",
        "putCall" : "PUT",
        "underlyingSymbol" : "AMD"
      },
      "marketValue" : -60.0,
      "maintenanceRequirement" : 60.0
    }, {
      "shortQuantity" : 5.0,
      "averagePrice" : 4.803,
      "currentDayProfitLoss" : -737.5,
      "currentDayProfitLossPercentage" : -55.14,
      "longQuantity" : 0.0,
      "settledLongQuantity" : 0.0,
      "settledShortQuantity" : -5.0,
      "instrument" : {
        "assetType" : "OPTION",
        "cusip" : "0AMD..EM00051000",
        "symbol" : "AMD_052220C51",
        "description" : "AMD May 22 2020 51.0 Call",
        "putCall" : "CALL",
        "underlyingSymbol" : "AMD"
      },
      "marketValue" : -2075.0,
      "maintenanceRequirement" : 7564.0
    }, {
      "shortQuantity" : 0.0,
      "averagePrice" : 15.757,
      "currentDayProfitLoss" : -108.0,
      "currentDayProfitLossPercentage" : -3.26,
      "longQuantity" : 200.0,
      "settledLongQuantity" : 200.0,
      "settledShortQuantity" : 0.0,
      "instrument" : {
        "assetType" : "EQUITY",
        "cusip" : "92766K106",
        "symbol" : "SPCE"
      },
      "marketValue" : 3200.0,
      "maintenanceRequirement" : 1280.0
    } ],
    "initialBalances" : {
      "accruedInterest" : 1.13,
      "availableFundsNonMarginableTrade" : 303167.26,
      "bondValue" : 0.0,
      "buyingPower" : 0.0,
      "cashBalance" : 39881.85,
      "cashAvailableForTrading" : 0.0,
      "cashReceipts" : 0.0,
      "dayTradingBuyingPower" : 0.0,
      "dayTradingBuyingPowerCall" : 0.0,
      "dayTradingEquityCall" : 0.0,
      "equity" : 413967.32,
      "equityPercentage" : 82.0,
      "liquidationValue" : 402445.2,
      "longMarginValue" : 56448.0,
      "longOptionMarketValue" : 0.0,
      "longStockValue" : 56448.0,
      "maintenanceCall" : 0.0,
      "maintenanceRequirement" : 110800.06,
      "margin" : 39881.85,
      "marginEquity" : 34799.85,
      "moneyMarketFund" : 317637.47,
      "mutualFundValue" : 0.0,
      "regTCall" : 0.0,
      "shortMarginValue" : -61530.0,
      "shortOptionMarketValue" : -11553.0,
      "shortStockValue" : -61530.0,
      "totalCash" : 357519.32,
      "isInCall" : false,
      "pendingDeposits" : 0.0,
      "marginBalance" : 0.0,
      "shortBalance" : 61530.0,
      "accountValue" : 402446.33
    },
    "currentBalances" : {
      "accruedInterest" : 1.13,
      "cashBalance" : 39881.85,
      "cashReceipts" : 0.0,
      "longOptionMarketValue" : 0.0,
      "liquidationValue" : 403285.19,
      "longMarketValue" : 56908.0,
      "moneyMarketFund" : 317636.34,
      "savings" : 0.0,
      "shortMarketValue" : -62030.0,
      "pendingDeposits" : 0.0,
      "availableFunds" : 303988.79,
      "availableFundsNonMarginableTrade" : 303988.79,
      "buyingPower" : 748311.0,
      "buyingPowerNonMarginableTrade" : 303988.79,
      "dayTradingBuyingPower" : 0.0,
      "equity" : 413762.19,
      "equityPercentage" : 100.0,
      "longMarginValue" : 56908.0,
      "maintenanceCall" : 0.0,
      "maintenanceRequirement" : 109773.4,
      "marginBalance" : 0.0,
      "regTCall" : 0.0,
      "shortBalance" : 61366.0,
      "shortMarginValue" : 62030.0,
      "shortOptionMarketValue" : -10477.0,
      "sma" : 691792.97,
      "mutualFundValue" : 0.0,
      "bondValue" : 0.0
    },
    "projectedBalances" : {
      "availableFunds" : 303988.79,
      "availableFundsNonMarginableTrade" : 303988.79,
      "buyingPower" : 748311.0,
      "dayTradingBuyingPower" : 0.0,
      "dayTradingBuyingPowerCall" : 0.0,
      "maintenanceCall" : 0.0,
      "regTCall" : 0.0,
      "isInCall" : false,
      "stockBuyingPower" : 748311.0
    }
  }
}
